2018-02-27 08:33:54,013 [Start Help Server] INFO  org.eclipse.jetty.util.log - Logging initialized @295204ms
2018-02-27 08:33:55,470 [Start Help Server] INFO  org.eclipse.jetty.server.Server - jetty-9.3.9.v20160517
2018-02-27 08:33:55,515 [Start Help Server] INFO  o.e.j.server.handler.ContextHandler - Started o.e.j.s.ServletContextHandler@6399f7ae{/help,null,AVAILABLE}
2018-02-27 08:33:55,546 [Start Help Server] INFO  o.e.jetty.server.AbstractConnector - Started ServerConnector@2184ea9b{HTTP/1.1,[http/1.1]}{127.0.0.1:19355}
2018-02-27 08:33:55,547 [Start Help Server] INFO  org.eclipse.jetty.server.Server - Started @296741ms
2018-02-27 11:56:54,466 [Stop Help Server] INFO  o.e.jetty.server.AbstractConnector - Stopped ServerConnector@2184ea9b{HTTP/1.1,[http/1.1]}{127.0.0.1:0}
2018-02-27 11:56:54,476 [Stop Help Server] INFO  o.e.j.server.handler.ContextHandler - Stopped o.e.j.s.ServletContextHandler@6399f7ae{/help,null,UNAVAILABLE}
2018-03-06 08:03:21,731 [Start Help Server] INFO  org.eclipse.jetty.util.log - Logging initialized @138237ms
2018-03-06 08:03:23,280 [Start Help Server] INFO  org.eclipse.jetty.server.Server - jetty-9.3.9.v20160517
2018-03-06 08:03:23,511 [Start Help Server] INFO  o.e.j.server.handler.ContextHandler - Started o.e.j.s.ServletContextHandler@35637fdd{/help,null,AVAILABLE}
2018-03-06 08:03:23,530 [Start Help Server] INFO  o.e.jetty.server.AbstractConnector - Started ServerConnector@45f276c2{HTTP/1.1,[http/1.1]}{127.0.0.1:33390}
2018-03-06 08:03:23,531 [Start Help Server] INFO  org.eclipse.jetty.server.Server - Started @140040ms
2018-03-13 08:43:10,750 [Start Help Server] INFO  org.eclipse.jetty.util.log - Logging initialized @26389ms
2018-03-13 08:43:10,901 [Start Help Server] INFO  org.eclipse.jetty.server.Server - jetty-9.3.9.v20160517
2018-03-13 08:43:10,973 [Start Help Server] INFO  o.e.j.server.handler.ContextHandler - Started o.e.j.s.ServletContextHandler@24266f8b{/help,null,AVAILABLE}
2018-03-13 08:43:10,990 [Start Help Server] INFO  o.e.jetty.server.AbstractConnector - Started ServerConnector@377ec06e{HTTP/1.1,[http/1.1]}{127.0.0.1:62504}
2018-03-13 08:43:10,990 [Start Help Server] INFO  org.eclipse.jetty.server.Server - Started @26631ms
2018-03-13 09:06:24,098 [Stop Help Server] INFO  o.e.jetty.server.AbstractConnector - Stopped ServerConnector@377ec06e{HTTP/1.1,[http/1.1]}{127.0.0.1:0}
2018-03-13 09:06:24,109 [Stop Help Server] INFO  o.e.j.server.handler.ContextHandler - Stopped o.e.j.s.ServletContextHandler@24266f8b{/help,null,UNAVAILABLE}
2018-03-20 08:15:21,854 [Start Help Server] INFO  org.eclipse.jetty.util.log - Logging initialized @94485ms
2018-03-20 08:15:23,140 [Start Help Server] INFO  org.eclipse.jetty.server.Server - jetty-9.3.9.v20160517
2018-03-20 08:15:23,183 [Start Help Server] INFO  o.e.j.server.handler.ContextHandler - Started o.e.j.s.ServletContextHandler@695c80b2{/help,null,AVAILABLE}
2018-03-20 08:15:23,218 [Start Help Server] INFO  o.e.jetty.server.AbstractConnector - Started ServerConnector@270f7cbb{HTTP/1.1,[http/1.1]}{127.0.0.1:26346}
2018-03-20 08:15:23,219 [Start Help Server] INFO  org.eclipse.jetty.server.Server - Started @95853ms
2018-03-20 08:50:21,201 [Stop Help Server] INFO  o.e.jetty.server.AbstractConnector - Stopped ServerConnector@270f7cbb{HTTP/1.1,[http/1.1]}{127.0.0.1:0}
2018-03-20 08:50:21,218 [Stop Help Server] INFO  o.e.j.server.handler.ContextHandler - Stopped o.e.j.s.ServletContextHandler@695c80b2{/help,null,UNAVAILABLE}
2018-04-03 08:11:22,678 [Worker-0] INFO  c.g.t.t.d.PublishedGradleVersions - Gradle version information cache is out-of-date. Trying to update.
2018-04-03 08:11:38,402 [Worker-6] INFO  o.e.m.c.i.l.LifecycleMappingFactory - Using org.maven.ide.eclipse.wtp.WarLifecycleMapping lifecycle mapping for MavenProject: lojaApp:lojaApp:0.0.1-SNAPSHOT @ D:\Web\Digital-business-enablement\lojaApp\pom.xml.
2018-04-03 08:11:44,586 [Worker-7] INFO  o.e.m.c.i.l.LifecycleMappingFactory - Using org.maven.ide.eclipse.wtp.WarLifecycleMapping lifecycle mapping for MavenProject: lojaApp:lojaApp:0.0.1-SNAPSHOT @ D:\Web\Digital-business-enablement\lojaApp\pom.xml.
2018-04-03 08:11:44,987 [Worker-6] INFO  o.e.m.c.i.e.AbstractTransferListenerAdapter - Downloading https://repo.maven.apache.org/maven2/org/javassist/javassist/3.18.1-GA/javassist-3.18.1-GA.jar
2018-04-03 08:11:45,457 [Worker-7] INFO  o.e.m.c.i.e.AbstractTransferListenerAdapter - Downloading https://repo.maven.apache.org/maven2/org/javassist/javassist/3.18.1-GA/javassist-3.18.1-GA.jar
2018-04-03 08:11:46,258 [Worker-6] INFO  o.e.m.c.i.e.AbstractTransferListenerAdapter - Downloaded https://repo.maven.apache.org/maven2/org/javassist/javassist/3.18.1-GA/javassist-3.18.1-GA.jar
2018-04-03 08:11:46,587 [Worker-7] INFO  o.e.m.c.i.e.AbstractTransferListenerAdapter - Downloaded https://repo.maven.apache.org/maven2/org/javassist/javassist/3.18.1-GA/javassist-3.18.1-GA.jar
2018-04-03 08:11:47,421 [Worker-7] WARN  o.e.a.i.i.DefaultRepositoryEventDispatcher - Failed to dispatch repository event to org.eclipse.m2e.core.internal.embedder.EclipseRepositoryListener: null
2018-04-03 08:11:52,959 [Worker-7] WARN  o.e.m.c.i.embedder.EclipseLogger - Using platform encoding (Cp1252 actually) to copy filtered resources, i.e. build is platform dependent!
2018-04-03 08:11:52,959 [Worker-7] INFO  o.e.m.c.i.embedder.EclipseLogger - skip non existing resourceDirectory D:\Web\Digital-business-enablement\lojaApp\src\main\resources
2018-04-03 08:11:52,962 [Worker-7] WARN  o.e.m.c.i.embedder.EclipseLogger - Using platform encoding (Cp1252 actually) to copy filtered resources, i.e. build is platform dependent!
2018-04-03 08:11:52,962 [Worker-7] INFO  o.e.m.c.i.embedder.EclipseLogger - skip non existing resourceDirectory D:\Web\Digital-business-enablement\lojaApp\src\test\resources
2018-04-03 08:11:54,516 [Worker-9] INFO  o.e.m.c.i.l.LifecycleMappingFactory - Using org.maven.ide.eclipse.wtp.WarLifecycleMapping lifecycle mapping for MavenProject: lojaApp:lojaApp:0.0.1-SNAPSHOT @ D:\Web\Digital-business-enablement\lojaApp\pom.xml.
2018-04-03 08:11:58,468 [Worker-7] WARN  o.e.m.c.i.embedder.EclipseLogger - Using platform encoding (Cp1252 actually) to copy filtered resources, i.e. build is platform dependent!
2018-04-03 08:11:58,469 [Worker-7] INFO  o.e.m.c.i.embedder.EclipseLogger - skip non existing resourceDirectory D:\Web\Digital-business-enablement\lojaApp\src\main\resources
2018-04-03 08:11:58,471 [Worker-7] WARN  o.e.m.c.i.embedder.EclipseLogger - Using platform encoding (Cp1252 actually) to copy filtered resources, i.e. build is platform dependent!
2018-04-03 08:11:58,473 [Worker-7] INFO  o.e.m.c.i.embedder.EclipseLogger - skip non existing resourceDirectory D:\Web\Digital-business-enablement\lojaApp\src\test\resources
2018-04-03 08:14:47,108 [Worker-17] INFO  o.e.m.c.i.l.LifecycleMappingFactory - Using org.maven.ide.eclipse.wtp.WarLifecycleMapping lifecycle mapping for MavenProject: lojaApp:lojaApp:0.0.1-SNAPSHOT @ D:\Web\Digital-business-enablement\lojaApp\pom.xml.
2018-04-03 08:14:48,007 [Worker-17] WARN  o.e.m.c.i.embedder.EclipseLogger - Using platform encoding (Cp1252 actually) to copy filtered resources, i.e. build is platform dependent!
2018-04-03 08:14:48,008 [Worker-17] INFO  o.e.m.c.i.embedder.EclipseLogger - skip non existing resourceDirectory D:\Web\Digital-business-enablement\lojaApp\src\main\resources
2018-04-03 08:14:48,010 [Worker-17] WARN  o.e.m.c.i.embedder.EclipseLogger - Using platform encoding (Cp1252 actually) to copy filtered resources, i.e. build is platform dependent!
2018-04-03 08:14:48,011 [Worker-17] INFO  o.e.m.c.i.embedder.EclipseLogger - skip non existing resourceDirectory D:\Web\Digital-business-enablement\lojaApp\src\test\resources
2018-04-03 08:14:48,127 [Worker-17] INFO  o.e.m.w.i.f.ResourceFilteringBuildParticipant - Changed resources require a complete clean of filtered resources of lojaApp
2018-04-03 08:14:48,128 [Worker-17] INFO  o.e.m.w.i.f.ResourceFilteringBuildParticipant - Executing resource filtering for lojaApp
2018-04-03 08:14:48,131 [Worker-17] WARN  o.e.m.c.i.embedder.EclipseLogger - The POM for org.apache.maven.plugins:maven-clean-plugin:jar:2.5 is missing, no dependency information available
2018-04-03 08:14:48,139 [Worker-17] WARN  o.e.m.c.i.embedder.EclipseLogger - Using platform encoding (Cp1252 actually) to copy filtered resources, i.e. build is platform dependent!
2018-04-03 08:15:09,530 [Worker-11] INFO  o.e.m.c.i.p.ProjectConfigurationManager - Update started
2018-04-03 08:15:09,835 [Worker-11] INFO  o.e.m.c.i.l.LifecycleMappingFactory - Using org.maven.ide.eclipse.wtp.WarLifecycleMapping lifecycle mapping for MavenProject: lojaApp:lojaApp:0.0.1-SNAPSHOT @ D:\Web\Digital-business-enablement\lojaApp\pom.xml.
2018-04-03 08:15:10,631 [Worker-11] INFO  o.e.m.j.i.AbstractJavaProjectConfigurator - Adding source folder /lojaApp/src
2018-04-03 08:15:10,632 [Worker-11] INFO  o.e.m.j.i.AbstractJavaProjectConfigurator - Not adding source folder /lojaApp/src/test/java because it overlaps with /lojaApp/src
2018-04-03 08:15:11,795 [Worker-11] WARN  o.e.m.c.i.embedder.EclipseLogger - Using platform encoding (Cp1252 actually) to copy filtered resources, i.e. build is platform dependent!
2018-04-03 08:15:11,795 [Worker-11] INFO  o.e.m.c.i.embedder.EclipseLogger - skip non existing resourceDirectory D:\Web\Digital-business-enablement\lojaApp\src\main\resources
2018-04-03 08:15:11,797 [Worker-11] WARN  o.e.m.c.i.embedder.EclipseLogger - Using platform encoding (Cp1252 actually) to copy filtered resources, i.e. build is platform dependent!
2018-04-03 08:15:11,798 [Worker-11] INFO  o.e.m.c.i.embedder.EclipseLogger - skip non existing resourceDirectory D:\Web\Digital-business-enablement\lojaApp\src\test\resources
2018-04-03 08:15:11,798 [Worker-11] INFO  o.e.m.w.i.f.ResourceFilteringBuildParticipant - Changed resources require a complete clean of filtered resources of lojaApp
2018-04-03 08:15:11,798 [Worker-11] INFO  o.e.m.w.i.f.ResourceFilteringBuildParticipant - Executing resource filtering for lojaApp
2018-04-03 08:15:11,802 [Worker-11] WARN  o.e.m.c.i.embedder.EclipseLogger - Using platform encoding (Cp1252 actually) to copy filtered resources, i.e. build is platform dependent!
2018-04-03 08:15:15,967 [Worker-11] INFO  o.e.m.w.i.f.ResourceFilteringBuildParticipant - Cleaning filtered folder for lojaApp
2018-04-03 08:15:15,970 [Worker-11] INFO  o.e.m.c.i.p.ProjectConfigurationManager - Update completed: 6 sec
2018-04-03 08:15:16,781 [Worker-12] WARN  o.e.m.c.i.embedder.EclipseLogger - Using platform encoding (Cp1252 actually) to copy filtered resources, i.e. build is platform dependent!
2018-04-03 08:15:16,781 [Worker-12] INFO  o.e.m.c.i.embedder.EclipseLogger - skip non existing resourceDirectory D:\Web\Digital-business-enablement\lojaApp\src\main\resources
2018-04-03 08:15:16,783 [Worker-12] WARN  o.e.m.c.i.embedder.EclipseLogger - Using platform encoding (Cp1252 actually) to copy filtered resources, i.e. build is platform dependent!
2018-04-03 08:15:16,783 [Worker-12] INFO  o.e.m.c.i.embedder.EclipseLogger - skip non existing resourceDirectory D:\Web\Digital-business-enablement\lojaApp\src\test\resources
2018-04-03 08:15:16,783 [Worker-12] INFO  o.e.m.w.i.f.ResourceFilteringBuildParticipant - Changed resources require a complete clean of filtered resources of lojaApp
2018-04-03 08:15:16,784 [Worker-12] INFO  o.e.m.w.i.f.ResourceFilteringBuildParticipant - Executing resource filtering for lojaApp
2018-04-03 08:15:16,788 [Worker-12] WARN  o.e.m.c.i.embedder.EclipseLogger - Using platform encoding (Cp1252 actually) to copy filtered resources, i.e. build is platform dependent!
2018-04-03 08:16:23,507 [Worker-20] WARN  o.e.m.c.i.embedder.EclipseLogger - Using platform encoding (Cp1252 actually) to copy filtered resources, i.e. build is platform dependent!
2018-04-03 08:16:23,507 [Worker-20] INFO  o.e.m.c.i.embedder.EclipseLogger - skip non existing resourceDirectory D:\Web\Digital-business-enablement\lojaApp\src\main\resources
2018-04-03 08:16:23,508 [Worker-20] WARN  o.e.m.c.i.embedder.EclipseLogger - Using platform encoding (Cp1252 actually) to copy filtered resources, i.e. build is platform dependent!
2018-04-03 08:16:23,509 [Worker-20] INFO  o.e.m.c.i.embedder.EclipseLogger - skip non existing resourceDirectory D:\Web\Digital-business-enablement\lojaApp\src\test\resources
2018-04-03 08:16:41,072 [Worker-17] WARN  o.e.m.c.i.embedder.EclipseLogger - Using platform encoding (Cp1252 actually) to copy filtered resources, i.e. build is platform dependent!
2018-04-03 08:16:41,073 [Worker-17] INFO  o.e.m.c.i.embedder.EclipseLogger - skip non existing resourceDirectory D:\Web\Digital-business-enablement\lojaApp\src\main\resources
2018-04-03 08:16:41,074 [Worker-17] WARN  o.e.m.c.i.embedder.EclipseLogger - Using platform encoding (Cp1252 actually) to copy filtered resources, i.e. build is platform dependent!
2018-04-03 08:16:41,074 [Worker-17] INFO  o.e.m.c.i.embedder.EclipseLogger - skip non existing resourceDirectory D:\Web\Digital-business-enablement\lojaApp\src\test\resources
2018-04-03 08:17:14,868 [Worker-12] WARN  o.e.m.c.i.embedder.EclipseLogger - Using platform encoding (Cp1252 actually) to copy filtered resources, i.e. build is platform dependent!
2018-04-03 08:17:14,869 [Worker-12] INFO  o.e.m.c.i.embedder.EclipseLogger - skip non existing resourceDirectory D:\Web\Digital-business-enablement\lojaApp\src\main\resources
2018-04-03 08:17:14,870 [Worker-12] WARN  o.e.m.c.i.embedder.EclipseLogger - Using platform encoding (Cp1252 actually) to copy filtered resources, i.e. build is platform dependent!
2018-04-03 08:17:14,870 [Worker-12] INFO  o.e.m.c.i.embedder.EclipseLogger - skip non existing resourceDirectory D:\Web\Digital-business-enablement\lojaApp\src\test\resources
2018-04-03 08:17:16,937 [Worker-12] WARN  o.e.m.c.i.embedder.EclipseLogger - Using platform encoding (Cp1252 actually) to copy filtered resources, i.e. build is platform dependent!
2018-04-03 08:17:16,938 [Worker-12] INFO  o.e.m.c.i.embedder.EclipseLogger - skip non existing resourceDirectory D:\Web\Digital-business-enablement\lojaApp\src\main\resources
2018-04-03 08:17:16,939 [Worker-12] WARN  o.e.m.c.i.embedder.EclipseLogger - Using platform encoding (Cp1252 actually) to copy filtered resources, i.e. build is platform dependent!
2018-04-03 08:17:16,939 [Worker-12] INFO  o.e.m.c.i.embedder.EclipseLogger - skip non existing resourceDirectory D:\Web\Digital-business-enablement\lojaApp\src\test\resources
2018-04-03 08:18:06,088 [Worker-17] WARN  o.e.m.c.i.embedder.EclipseLogger - Using platform encoding (Cp1252 actually) to copy filtered resources, i.e. build is platform dependent!
2018-04-03 08:18:06,088 [Worker-17] INFO  o.e.m.c.i.embedder.EclipseLogger - skip non existing resourceDirectory D:\Web\Digital-business-enablement\lojaApp\src\main\resources
2018-04-03 08:18:06,090 [Worker-17] WARN  o.e.m.c.i.embedder.EclipseLogger - Using platform encoding (Cp1252 actually) to copy filtered resources, i.e. build is platform dependent!
2018-04-03 08:18:06,091 [Worker-17] INFO  o.e.m.c.i.embedder.EclipseLogger - skip non existing resourceDirectory D:\Web\Digital-business-enablement\lojaApp\src\test\resources
2018-04-03 08:18:32,289 [Worker-12] WARN  o.e.m.c.i.embedder.EclipseLogger - Using platform encoding (Cp1252 actually) to copy filtered resources, i.e. build is platform dependent!
2018-04-03 08:18:32,293 [Worker-12] INFO  o.e.m.c.i.embedder.EclipseLogger - skip non existing resourceDirectory D:\Web\Digital-business-enablement\lojaApp\src\main\resources
2018-04-03 08:18:32,294 [Worker-12] WARN  o.e.m.c.i.embedder.EclipseLogger - Using platform encoding (Cp1252 actually) to copy filtered resources, i.e. build is platform dependent!
2018-04-03 08:18:32,294 [Worker-12] INFO  o.e.m.c.i.embedder.EclipseLogger - skip non existing resourceDirectory D:\Web\Digital-business-enablement\lojaApp\src\test\resources
