2018-03-27 10:28:30,190 [Worker-3] INFO  c.g.t.t.d.PublishedGradleVersions - Gradle version information cache is up-to-date. Trying to read.
2018-03-27 10:36:24,210 [Worker-26] ERROR o.e.m.c.i.p.r.ProjectRegistryManager - Failed to read Maven project: 1 problem was encountered while building the effective model
[FATAL] Non-readable POM D:\AmbienteParaNACRafael\AmbienteNAC\pom.xml: D:\AmbienteParaNACRafael\AmbienteNAC\pom.xml (The system cannot find the file specified) @ 
 for project  at D:\AmbienteParaNACRafael\AmbienteNAC\pom.xml
org.apache.maven.project.ProjectBuildingException: 1 problem was encountered while building the effective model
[FATAL] Non-readable POM D:\AmbienteParaNACRafael\AmbienteNAC\pom.xml: D:\AmbienteParaNACRafael\AmbienteNAC\pom.xml (The system cannot find the file specified) @ 
 for project  at D:\AmbienteParaNACRafael\AmbienteNAC\pom.xml
	at org.apache.maven.project.DefaultProjectBuilder.build(DefaultProjectBuilder.java:168) ~[maven-core-3.3.9.jar:3.3.9]
	at org.apache.maven.project.DefaultProjectBuilder.build(DefaultProjectBuilder.java:119) ~[maven-core-3.3.9.jar:3.3.9]
	at org.eclipse.m2e.core.internal.embedder.MavenImpl.readMavenProject(MavenImpl.java:636) ~[org.eclipse.m2e.core_1.8.2.20171007-0217.jar:na]
	at org.eclipse.m2e.core.internal.project.registry.ProjectRegistryManager$5.call(ProjectRegistryManager.java:816) ~[org.eclipse.m2e.core_1.8.2.20171007-0217.jar:na]
	at org.eclipse.m2e.core.internal.project.registry.ProjectRegistryManager$5.call(ProjectRegistryManager.java:1) ~[org.eclipse.m2e.core_1.8.2.20171007-0217.jar:na]
	at org.eclipse.m2e.core.internal.embedder.MavenExecutionContext.executeBare(MavenExecutionContext.java:177) ~[org.eclipse.m2e.core_1.8.2.20171007-0217.jar:na]
	at org.eclipse.m2e.core.internal.embedder.MavenExecutionContext.execute(MavenExecutionContext.java:151) ~[org.eclipse.m2e.core_1.8.2.20171007-0217.jar:na]
	at org.eclipse.m2e.core.internal.embedder.MavenExecutionContext.execute(MavenExecutionContext.java:99) ~[org.eclipse.m2e.core_1.8.2.20171007-0217.jar:na]
	at org.eclipse.m2e.core.internal.project.registry.ProjectRegistryManager.execute(ProjectRegistryManager.java:967) ~[org.eclipse.m2e.core_1.8.2.20171007-0217.jar:na]
	at org.eclipse.m2e.core.internal.project.registry.ProjectRegistryManager.readProjectWithDependencies(ProjectRegistryManager.java:811) ~[org.eclipse.m2e.core_1.8.2.20171007-0217.jar:na]
	at org.eclipse.m2e.core.internal.project.registry.ProjectRegistryManager.create(ProjectRegistryManager.java:192) ~[org.eclipse.m2e.core_1.8.2.20171007-0217.jar:na]
	at org.eclipse.m2e.core.internal.project.registry.MavenProjectManager.create(MavenProjectManager.java:80) [org.eclipse.m2e.core_1.8.2.20171007-0217.jar:na]
	at org.fusesource.ide.camel.model.service.core.util.CamelMavenUtils.getMavenProjectFacade(CamelMavenUtils.java:101) [org.fusesource.ide.camel.model.service.core_10.1.0.v20171020-0649.jar:na]
	at org.fusesource.ide.camel.model.service.core.util.CamelMavenUtils.getDependencyList(CamelMavenUtils.java:166) [org.fusesource.ide.camel.model.service.core_10.1.0.v20171020-0649.jar:na]
	at org.fusesource.ide.camel.model.service.core.util.CamelMavenUtils.getDependencyList(CamelMavenUtils.java:162) [org.fusesource.ide.camel.model.service.core_10.1.0.v20171020-0649.jar:na]
	at org.fusesource.ide.camel.model.service.core.util.CamelMavenUtils.getCamelVersionFromMaven(CamelMavenUtils.java:120) [org.fusesource.ide.camel.model.service.core_10.1.0.v20171020-0649.jar:na]
	at org.fusesource.ide.camel.model.service.core.util.CamelMavenUtils.getCamelVersionFromMaven(CamelMavenUtils.java:105) [org.fusesource.ide.camel.model.service.core_10.1.0.v20171020-0649.jar:na]
	at org.fusesource.ide.camel.model.service.core.util.ProjectClasspathChangedListener.notifyClasspathChanged(ProjectClasspathChangedListener.java:138) [org.fusesource.ide.camel.model.service.core_10.1.0.v20171020-0649.jar:na]
	at org.fusesource.ide.camel.model.service.core.util.ProjectClasspathChangedListener.visit(ProjectClasspathChangedListener.java:127) [org.fusesource.ide.camel.model.service.core_10.1.0.v20171020-0649.jar:na]
	at org.fusesource.ide.camel.model.service.core.util.ProjectClasspathChangedListener.visitChildren(ProjectClasspathChangedListener.java:82) [org.fusesource.ide.camel.model.service.core_10.1.0.v20171020-0649.jar:na]
	at org.fusesource.ide.camel.model.service.core.util.ProjectClasspathChangedListener.visit(ProjectClasspathChangedListener.java:123) [org.fusesource.ide.camel.model.service.core_10.1.0.v20171020-0649.jar:na]
	at org.fusesource.ide.camel.model.service.core.util.ProjectClasspathChangedListener.elementChanged(ProjectClasspathChangedListener.java:55) [org.fusesource.ide.camel.model.service.core_10.1.0.v20171020-0649.jar:na]
	at org.eclipse.jdt.internal.core.DeltaProcessor$3.run(DeltaProcessor.java:1730) [org.eclipse.jdt.core_3.13.50.v20171007-0855.jar:na]
	at org.eclipse.core.runtime.SafeRunner.run(SafeRunner.java:42) [org.eclipse.equinox.common_3.9.0.v20170207-1454.jar:na]
	at org.eclipse.jdt.internal.core.DeltaProcessor.notifyListeners(DeltaProcessor.java:1720) [org.eclipse.jdt.core_3.13.50.v20171007-0855.jar:na]
	at org.eclipse.jdt.internal.core.DeltaProcessor.firePostChangeDelta(DeltaProcessor.java:1554) [org.eclipse.jdt.core_3.13.50.v20171007-0855.jar:na]
	at org.eclipse.jdt.internal.core.DeltaProcessor.fire(DeltaProcessor.java:1530) [org.eclipse.jdt.core_3.13.50.v20171007-0855.jar:na]
	at org.eclipse.jdt.internal.core.DeltaProcessor.notifyAndFire(DeltaProcessor.java:2246) [org.eclipse.jdt.core_3.13.50.v20171007-0855.jar:na]
	at org.eclipse.jdt.internal.core.DeltaProcessor.resourceChanged(DeltaProcessor.java:2136) [org.eclipse.jdt.core_3.13.50.v20171007-0855.jar:na]
	at org.eclipse.jdt.internal.core.DeltaProcessingState.resourceChanged(DeltaProcessingState.java:473) [org.eclipse.jdt.core_3.13.50.v20171007-0855.jar:na]
	at org.eclipse.core.internal.events.NotificationManager$1.run(NotificationManager.java:299) [org.eclipse.core.resources_3.12.0.v20170417-1558.jar:na]
	at org.eclipse.core.runtime.SafeRunner.run(SafeRunner.java:42) [org.eclipse.equinox.common_3.9.0.v20170207-1454.jar:na]
	at org.eclipse.core.internal.events.NotificationManager.notify(NotificationManager.java:289) [org.eclipse.core.resources_3.12.0.v20170417-1558.jar:na]
	at org.eclipse.core.internal.events.NotificationManager.broadcastChanges(NotificationManager.java:152) [org.eclipse.core.resources_3.12.0.v20170417-1558.jar:na]
	at org.eclipse.core.internal.resources.Workspace.broadcastPostChange(Workspace.java:374) [org.eclipse.core.resources_3.12.0.v20170417-1558.jar:na]
	at org.eclipse.core.internal.resources.Workspace.endOperation(Workspace.java:1469) [org.eclipse.core.resources_3.12.0.v20170417-1558.jar:na]
	at org.eclipse.core.internal.resources.InternalWorkspaceJob.run(InternalWorkspaceJob.java:46) [org.eclipse.core.resources_3.12.0.v20170417-1558.jar:na]
	at org.eclipse.core.internal.jobs.Worker.run(Worker.java:56) [org.eclipse.core.jobs_3.9.1.v20170714-0547.jar:na]
Caused by: org.apache.maven.model.building.ModelBuildingException: 1 problem was encountered while building the effective model
[FATAL] Non-readable POM D:\AmbienteParaNACRafael\AmbienteNAC\pom.xml: D:\AmbienteParaNACRafael\AmbienteNAC\pom.xml (The system cannot find the file specified) @ 

	at org.apache.maven.model.building.DefaultModelProblemCollector.newModelBuildingException(DefaultModelProblemCollector.java:197) ~[maven-model-builder-3.3.9.jar:3.3.9]
	at org.apache.maven.model.building.DefaultModelBuilder.readModel(DefaultModelBuilder.java:598) ~[maven-model-builder-3.3.9.jar:3.3.9]
	at org.apache.maven.model.building.DefaultModelBuilder.build(DefaultModelBuilder.java:273) ~[maven-model-builder-3.3.9.jar:3.3.9]
	at org.apache.maven.project.DefaultProjectBuilder.build(DefaultProjectBuilder.java:161) ~[maven-core-3.3.9.jar:3.3.9]
	... 37 common frames omitted
2018-03-27 10:36:24,448 [Worker-26] ERROR o.e.m.c.i.p.r.ProjectRegistryManager - Failed to read Maven project: 1 problem was encountered while building the effective model
[FATAL] Non-readable POM D:\AmbienteParaNACRafael\AmbienteNAC\pom.xml: D:\AmbienteParaNACRafael\AmbienteNAC\pom.xml (The system cannot find the file specified) @ 
 for project  at D:\AmbienteParaNACRafael\AmbienteNAC\pom.xml
org.apache.maven.project.ProjectBuildingException: 1 problem was encountered while building the effective model
[FATAL] Non-readable POM D:\AmbienteParaNACRafael\AmbienteNAC\pom.xml: D:\AmbienteParaNACRafael\AmbienteNAC\pom.xml (The system cannot find the file specified) @ 
 for project  at D:\AmbienteParaNACRafael\AmbienteNAC\pom.xml
	at org.apache.maven.project.DefaultProjectBuilder.build(DefaultProjectBuilder.java:168) ~[maven-core-3.3.9.jar:3.3.9]
	at org.apache.maven.project.DefaultProjectBuilder.build(DefaultProjectBuilder.java:119) ~[maven-core-3.3.9.jar:3.3.9]
	at org.eclipse.m2e.core.internal.embedder.MavenImpl.readMavenProject(MavenImpl.java:636) ~[org.eclipse.m2e.core_1.8.2.20171007-0217.jar:na]
	at org.eclipse.m2e.core.internal.project.registry.ProjectRegistryManager$5.call(ProjectRegistryManager.java:816) ~[org.eclipse.m2e.core_1.8.2.20171007-0217.jar:na]
	at org.eclipse.m2e.core.internal.project.registry.ProjectRegistryManager$5.call(ProjectRegistryManager.java:1) ~[org.eclipse.m2e.core_1.8.2.20171007-0217.jar:na]
	at org.eclipse.m2e.core.internal.embedder.MavenExecutionContext.executeBare(MavenExecutionContext.java:177) ~[org.eclipse.m2e.core_1.8.2.20171007-0217.jar:na]
	at org.eclipse.m2e.core.internal.embedder.MavenExecutionContext.execute(MavenExecutionContext.java:151) ~[org.eclipse.m2e.core_1.8.2.20171007-0217.jar:na]
	at org.eclipse.m2e.core.internal.embedder.MavenExecutionContext.execute(MavenExecutionContext.java:99) ~[org.eclipse.m2e.core_1.8.2.20171007-0217.jar:na]
	at org.eclipse.m2e.core.internal.project.registry.ProjectRegistryManager.execute(ProjectRegistryManager.java:967) ~[org.eclipse.m2e.core_1.8.2.20171007-0217.jar:na]
	at org.eclipse.m2e.core.internal.project.registry.ProjectRegistryManager.readProjectWithDependencies(ProjectRegistryManager.java:811) ~[org.eclipse.m2e.core_1.8.2.20171007-0217.jar:na]
	at org.eclipse.m2e.core.internal.project.registry.ProjectRegistryManager.create(ProjectRegistryManager.java:192) ~[org.eclipse.m2e.core_1.8.2.20171007-0217.jar:na]
	at org.eclipse.m2e.core.internal.project.registry.MavenProjectManager.create(MavenProjectManager.java:80) [org.eclipse.m2e.core_1.8.2.20171007-0217.jar:na]
	at org.fusesource.ide.camel.model.service.core.util.CamelMavenUtils.getMavenProjectFacade(CamelMavenUtils.java:101) [org.fusesource.ide.camel.model.service.core_10.1.0.v20171020-0649.jar:na]
	at org.fusesource.ide.camel.model.service.core.util.CamelMavenUtils.getRepositories(CamelMavenUtils.java:42) [org.fusesource.ide.camel.model.service.core_10.1.0.v20171020-0649.jar:na]
	at org.fusesource.ide.camel.model.service.core.catalog.cache.CamelCatalogCacheManager.getCamelModelForProject(CamelCatalogCacheManager.java:130) [org.fusesource.ide.camel.model.service.core_10.1.0.v20171020-0649.jar:na]
	at org.fusesource.ide.camel.model.service.core.util.ProjectClasspathChangedListener.notifyClasspathChanged(ProjectClasspathChangedListener.java:149) [org.fusesource.ide.camel.model.service.core_10.1.0.v20171020-0649.jar:na]
	at org.fusesource.ide.camel.model.service.core.util.ProjectClasspathChangedListener.visit(ProjectClasspathChangedListener.java:127) [org.fusesource.ide.camel.model.service.core_10.1.0.v20171020-0649.jar:na]
	at org.fusesource.ide.camel.model.service.core.util.ProjectClasspathChangedListener.visitChildren(ProjectClasspathChangedListener.java:82) [org.fusesource.ide.camel.model.service.core_10.1.0.v20171020-0649.jar:na]
	at org.fusesource.ide.camel.model.service.core.util.ProjectClasspathChangedListener.visit(ProjectClasspathChangedListener.java:123) [org.fusesource.ide.camel.model.service.core_10.1.0.v20171020-0649.jar:na]
	at org.fusesource.ide.camel.model.service.core.util.ProjectClasspathChangedListener.elementChanged(ProjectClasspathChangedListener.java:55) [org.fusesource.ide.camel.model.service.core_10.1.0.v20171020-0649.jar:na]
	at org.eclipse.jdt.internal.core.DeltaProcessor$3.run(DeltaProcessor.java:1730) [org.eclipse.jdt.core_3.13.50.v20171007-0855.jar:na]
	at org.eclipse.core.runtime.SafeRunner.run(SafeRunner.java:42) [org.eclipse.equinox.common_3.9.0.v20170207-1454.jar:na]
	at org.eclipse.jdt.internal.core.DeltaProcessor.notifyListeners(DeltaProcessor.java:1720) [org.eclipse.jdt.core_3.13.50.v20171007-0855.jar:na]
	at org.eclipse.jdt.internal.core.DeltaProcessor.firePostChangeDelta(DeltaProcessor.java:1554) [org.eclipse.jdt.core_3.13.50.v20171007-0855.jar:na]
	at org.eclipse.jdt.internal.core.DeltaProcessor.fire(DeltaProcessor.java:1530) [org.eclipse.jdt.core_3.13.50.v20171007-0855.jar:na]
	at org.eclipse.jdt.internal.core.DeltaProcessor.notifyAndFire(DeltaProcessor.java:2246) [org.eclipse.jdt.core_3.13.50.v20171007-0855.jar:na]
	at org.eclipse.jdt.internal.core.DeltaProcessor.resourceChanged(DeltaProcessor.java:2136) [org.eclipse.jdt.core_3.13.50.v20171007-0855.jar:na]
	at org.eclipse.jdt.internal.core.DeltaProcessingState.resourceChanged(DeltaProcessingState.java:473) [org.eclipse.jdt.core_3.13.50.v20171007-0855.jar:na]
	at org.eclipse.core.internal.events.NotificationManager$1.run(NotificationManager.java:299) [org.eclipse.core.resources_3.12.0.v20170417-1558.jar:na]
	at org.eclipse.core.runtime.SafeRunner.run(SafeRunner.java:42) [org.eclipse.equinox.common_3.9.0.v20170207-1454.jar:na]
	at org.eclipse.core.internal.events.NotificationManager.notify(NotificationManager.java:289) [org.eclipse.core.resources_3.12.0.v20170417-1558.jar:na]
	at org.eclipse.core.internal.events.NotificationManager.broadcastChanges(NotificationManager.java:152) [org.eclipse.core.resources_3.12.0.v20170417-1558.jar:na]
	at org.eclipse.core.internal.resources.Workspace.broadcastPostChange(Workspace.java:374) [org.eclipse.core.resources_3.12.0.v20170417-1558.jar:na]
	at org.eclipse.core.internal.resources.Workspace.endOperation(Workspace.java:1469) [org.eclipse.core.resources_3.12.0.v20170417-1558.jar:na]
	at org.eclipse.core.internal.resources.InternalWorkspaceJob.run(InternalWorkspaceJob.java:46) [org.eclipse.core.resources_3.12.0.v20170417-1558.jar:na]
	at org.eclipse.core.internal.jobs.Worker.run(Worker.java:56) [org.eclipse.core.jobs_3.9.1.v20170714-0547.jar:na]
Caused by: org.apache.maven.model.building.ModelBuildingException: 1 problem was encountered while building the effective model
[FATAL] Non-readable POM D:\AmbienteParaNACRafael\AmbienteNAC\pom.xml: D:\AmbienteParaNACRafael\AmbienteNAC\pom.xml (The system cannot find the file specified) @ 

	at org.apache.maven.model.building.DefaultModelProblemCollector.newModelBuildingException(DefaultModelProblemCollector.java:197) ~[maven-model-builder-3.3.9.jar:3.3.9]
	at org.apache.maven.model.building.DefaultModelBuilder.readModel(DefaultModelBuilder.java:598) ~[maven-model-builder-3.3.9.jar:3.3.9]
	at org.apache.maven.model.building.DefaultModelBuilder.build(DefaultModelBuilder.java:273) ~[maven-model-builder-3.3.9.jar:3.3.9]
	at org.apache.maven.project.DefaultProjectBuilder.build(DefaultProjectBuilder.java:161) ~[maven-core-3.3.9.jar:3.3.9]
	... 35 common frames omitted
2018-03-27 10:40:18,643 [Worker-26] ERROR o.e.m.c.i.p.r.ProjectRegistryManager - Failed to read Maven project: 1 problem was encountered while building the effective model
[FATAL] Non-readable POM D:\AmbienteParaNACRafael\Exemplo2\pom.xml: D:\AmbienteParaNACRafael\Exemplo2\pom.xml (The system cannot find the file specified) @ 
 for project  at D:\AmbienteParaNACRafael\Exemplo2\pom.xml
org.apache.maven.project.ProjectBuildingException: 1 problem was encountered while building the effective model
[FATAL] Non-readable POM D:\AmbienteParaNACRafael\Exemplo2\pom.xml: D:\AmbienteParaNACRafael\Exemplo2\pom.xml (The system cannot find the file specified) @ 
 for project  at D:\AmbienteParaNACRafael\Exemplo2\pom.xml
	at org.apache.maven.project.DefaultProjectBuilder.build(DefaultProjectBuilder.java:168) ~[maven-core-3.3.9.jar:3.3.9]
	at org.apache.maven.project.DefaultProjectBuilder.build(DefaultProjectBuilder.java:119) ~[maven-core-3.3.9.jar:3.3.9]
	at org.eclipse.m2e.core.internal.embedder.MavenImpl.readMavenProject(MavenImpl.java:636) ~[org.eclipse.m2e.core_1.8.2.20171007-0217.jar:na]
	at org.eclipse.m2e.core.internal.project.registry.ProjectRegistryManager$5.call(ProjectRegistryManager.java:816) ~[org.eclipse.m2e.core_1.8.2.20171007-0217.jar:na]
	at org.eclipse.m2e.core.internal.project.registry.ProjectRegistryManager$5.call(ProjectRegistryManager.java:1) ~[org.eclipse.m2e.core_1.8.2.20171007-0217.jar:na]
	at org.eclipse.m2e.core.internal.embedder.MavenExecutionContext.executeBare(MavenExecutionContext.java:177) ~[org.eclipse.m2e.core_1.8.2.20171007-0217.jar:na]
	at org.eclipse.m2e.core.internal.embedder.MavenExecutionContext.execute(MavenExecutionContext.java:151) ~[org.eclipse.m2e.core_1.8.2.20171007-0217.jar:na]
	at org.eclipse.m2e.core.internal.embedder.MavenExecutionContext.execute(MavenExecutionContext.java:99) ~[org.eclipse.m2e.core_1.8.2.20171007-0217.jar:na]
	at org.eclipse.m2e.core.internal.project.registry.ProjectRegistryManager.execute(ProjectRegistryManager.java:967) ~[org.eclipse.m2e.core_1.8.2.20171007-0217.jar:na]
	at org.eclipse.m2e.core.internal.project.registry.ProjectRegistryManager.readProjectWithDependencies(ProjectRegistryManager.java:811) ~[org.eclipse.m2e.core_1.8.2.20171007-0217.jar:na]
	at org.eclipse.m2e.core.internal.project.registry.ProjectRegistryManager.create(ProjectRegistryManager.java:192) ~[org.eclipse.m2e.core_1.8.2.20171007-0217.jar:na]
	at org.eclipse.m2e.core.internal.project.registry.MavenProjectManager.create(MavenProjectManager.java:80) [org.eclipse.m2e.core_1.8.2.20171007-0217.jar:na]
	at org.fusesource.ide.camel.model.service.core.util.CamelMavenUtils.getMavenProjectFacade(CamelMavenUtils.java:101) [org.fusesource.ide.camel.model.service.core_10.1.0.v20171020-0649.jar:na]
	at org.fusesource.ide.camel.model.service.core.util.CamelMavenUtils.getDependencyList(CamelMavenUtils.java:166) [org.fusesource.ide.camel.model.service.core_10.1.0.v20171020-0649.jar:na]
	at org.fusesource.ide.camel.model.service.core.util.CamelMavenUtils.getDependencyList(CamelMavenUtils.java:162) [org.fusesource.ide.camel.model.service.core_10.1.0.v20171020-0649.jar:na]
	at org.fusesource.ide.camel.model.service.core.util.CamelMavenUtils.getCamelVersionFromMaven(CamelMavenUtils.java:120) [org.fusesource.ide.camel.model.service.core_10.1.0.v20171020-0649.jar:na]
	at org.fusesource.ide.camel.model.service.core.util.CamelMavenUtils.getCamelVersionFromMaven(CamelMavenUtils.java:105) [org.fusesource.ide.camel.model.service.core_10.1.0.v20171020-0649.jar:na]
	at org.fusesource.ide.camel.model.service.core.util.ProjectClasspathChangedListener.notifyClasspathChanged(ProjectClasspathChangedListener.java:138) [org.fusesource.ide.camel.model.service.core_10.1.0.v20171020-0649.jar:na]
	at org.fusesource.ide.camel.model.service.core.util.ProjectClasspathChangedListener.visit(ProjectClasspathChangedListener.java:127) [org.fusesource.ide.camel.model.service.core_10.1.0.v20171020-0649.jar:na]
	at org.fusesource.ide.camel.model.service.core.util.ProjectClasspathChangedListener.visitChildren(ProjectClasspathChangedListener.java:82) [org.fusesource.ide.camel.model.service.core_10.1.0.v20171020-0649.jar:na]
	at org.fusesource.ide.camel.model.service.core.util.ProjectClasspathChangedListener.visit(ProjectClasspathChangedListener.java:123) [org.fusesource.ide.camel.model.service.core_10.1.0.v20171020-0649.jar:na]
	at org.fusesource.ide.camel.model.service.core.util.ProjectClasspathChangedListener.elementChanged(ProjectClasspathChangedListener.java:55) [org.fusesource.ide.camel.model.service.core_10.1.0.v20171020-0649.jar:na]
	at org.eclipse.jdt.internal.core.DeltaProcessor$3.run(DeltaProcessor.java:1730) [org.eclipse.jdt.core_3.13.50.v20171007-0855.jar:na]
	at org.eclipse.core.runtime.SafeRunner.run(SafeRunner.java:42) [org.eclipse.equinox.common_3.9.0.v20170207-1454.jar:na]
	at org.eclipse.jdt.internal.core.DeltaProcessor.notifyListeners(DeltaProcessor.java:1720) [org.eclipse.jdt.core_3.13.50.v20171007-0855.jar:na]
	at org.eclipse.jdt.internal.core.DeltaProcessor.firePostChangeDelta(DeltaProcessor.java:1554) [org.eclipse.jdt.core_3.13.50.v20171007-0855.jar:na]
	at org.eclipse.jdt.internal.core.DeltaProcessor.fire(DeltaProcessor.java:1530) [org.eclipse.jdt.core_3.13.50.v20171007-0855.jar:na]
	at org.eclipse.jdt.internal.core.DeltaProcessor.notifyAndFire(DeltaProcessor.java:2246) [org.eclipse.jdt.core_3.13.50.v20171007-0855.jar:na]
	at org.eclipse.jdt.internal.core.DeltaProcessor.resourceChanged(DeltaProcessor.java:2136) [org.eclipse.jdt.core_3.13.50.v20171007-0855.jar:na]
	at org.eclipse.jdt.internal.core.DeltaProcessingState.resourceChanged(DeltaProcessingState.java:473) [org.eclipse.jdt.core_3.13.50.v20171007-0855.jar:na]
	at org.eclipse.core.internal.events.NotificationManager$1.run(NotificationManager.java:299) [org.eclipse.core.resources_3.12.0.v20170417-1558.jar:na]
	at org.eclipse.core.runtime.SafeRunner.run(SafeRunner.java:42) [org.eclipse.equinox.common_3.9.0.v20170207-1454.jar:na]
	at org.eclipse.core.internal.events.NotificationManager.notify(NotificationManager.java:289) [org.eclipse.core.resources_3.12.0.v20170417-1558.jar:na]
	at org.eclipse.core.internal.events.NotificationManager.broadcastChanges(NotificationManager.java:152) [org.eclipse.core.resources_3.12.0.v20170417-1558.jar:na]
	at org.eclipse.core.internal.resources.Workspace.broadcastPostChange(Workspace.java:374) [org.eclipse.core.resources_3.12.0.v20170417-1558.jar:na]
	at org.eclipse.core.internal.resources.Workspace.endOperation(Workspace.java:1469) [org.eclipse.core.resources_3.12.0.v20170417-1558.jar:na]
	at org.eclipse.core.internal.resources.Workspace.run(Workspace.java:2253) [org.eclipse.core.resources_3.12.0.v20170417-1558.jar:na]
	at org.eclipse.core.internal.resources.Workspace.run(Workspace.java:2267) [org.eclipse.core.resources_3.12.0.v20170417-1558.jar:na]
	at org.eclipse.jdt.internal.core.JavaModelOperation.runOperation(JavaModelOperation.java:795) [org.eclipse.jdt.core_3.13.50.v20171007-0855.jar:na]
	at org.eclipse.jdt.core.JavaCore.setClasspathContainer(JavaCore.java:5730) [org.eclipse.jdt.core_3.13.50.v20171007-0855.jar:na]
	at org.eclipse.jst.j2ee.internal.web.classpath.WebAppLibrariesContainer.install(WebAppLibrariesContainer.java:104) [org.eclipse.jst.j2ee.web_1.1.900.v201701262104.jar:na]
	at org.eclipse.jst.j2ee.internal.web.classpath.WebAppLibrariesContainer.refresh(WebAppLibrariesContainer.java:153) [org.eclipse.jst.j2ee.web_1.1.900.v201701262104.jar:na]
	at org.eclipse.jst.j2ee.internal.web.classpath.WebAppLibrariesContainer.refresh(WebAppLibrariesContainer.java:139) [org.eclipse.jst.j2ee.web_1.1.900.v201701262104.jar:na]
	at org.eclipse.jst.j2ee.internal.common.classpath.J2EEComponentClasspathUpdater$ModuleUpdateJob.processModules(J2EEComponentClasspathUpdater.java:377) [org.eclipse.jst.j2ee_1.2.101.v201709281509.jar:na]
	at org.eclipse.jst.j2ee.internal.common.classpath.J2EEComponentClasspathUpdater$ModuleUpdateJob.access$4(J2EEComponentClasspathUpdater.java:369) [org.eclipse.jst.j2ee_1.2.101.v201709281509.jar:na]
	at org.eclipse.jst.j2ee.internal.common.classpath.J2EEComponentClasspathUpdater$ModuleUpdateJob$1.run(J2EEComponentClasspathUpdater.java:410) [org.eclipse.jst.j2ee_1.2.101.v201709281509.jar:na]
	at org.eclipse.core.runtime.SafeRunner.run(SafeRunner.java:42) [org.eclipse.equinox.common_3.9.0.v20170207-1454.jar:na]
	at org.eclipse.jst.j2ee.internal.common.classpath.J2EEComponentClasspathUpdater$ModuleUpdateJob.run(J2EEComponentClasspathUpdater.java:395) [org.eclipse.jst.j2ee_1.2.101.v201709281509.jar:na]
	at org.eclipse.core.internal.jobs.Worker.run(Worker.java:56) [org.eclipse.core.jobs_3.9.1.v20170714-0547.jar:na]
Caused by: org.apache.maven.model.building.ModelBuildingException: 1 problem was encountered while building the effective model
[FATAL] Non-readable POM D:\AmbienteParaNACRafael\Exemplo2\pom.xml: D:\AmbienteParaNACRafael\Exemplo2\pom.xml (The system cannot find the file specified) @ 

	at org.apache.maven.model.building.DefaultModelProblemCollector.newModelBuildingException(DefaultModelProblemCollector.java:197) ~[maven-model-builder-3.3.9.jar:3.3.9]
	at org.apache.maven.model.building.DefaultModelBuilder.readModel(DefaultModelBuilder.java:598) ~[maven-model-builder-3.3.9.jar:3.3.9]
	at org.apache.maven.model.building.DefaultModelBuilder.build(DefaultModelBuilder.java:273) ~[maven-model-builder-3.3.9.jar:3.3.9]
	at org.apache.maven.project.DefaultProjectBuilder.build(DefaultProjectBuilder.java:161) ~[maven-core-3.3.9.jar:3.3.9]
	... 48 common frames omitted
2018-03-27 10:40:18,652 [Worker-26] ERROR o.e.m.c.i.p.r.ProjectRegistryManager - Failed to read Maven project: 1 problem was encountered while building the effective model
[FATAL] Non-readable POM D:\AmbienteParaNACRafael\Exemplo2\pom.xml: D:\AmbienteParaNACRafael\Exemplo2\pom.xml (The system cannot find the file specified) @ 
 for project  at D:\AmbienteParaNACRafael\Exemplo2\pom.xml
org.apache.maven.project.ProjectBuildingException: 1 problem was encountered while building the effective model
[FATAL] Non-readable POM D:\AmbienteParaNACRafael\Exemplo2\pom.xml: D:\AmbienteParaNACRafael\Exemplo2\pom.xml (The system cannot find the file specified) @ 
 for project  at D:\AmbienteParaNACRafael\Exemplo2\pom.xml
	at org.apache.maven.project.DefaultProjectBuilder.build(DefaultProjectBuilder.java:168) ~[maven-core-3.3.9.jar:3.3.9]
	at org.apache.maven.project.DefaultProjectBuilder.build(DefaultProjectBuilder.java:119) ~[maven-core-3.3.9.jar:3.3.9]
	at org.eclipse.m2e.core.internal.embedder.MavenImpl.readMavenProject(MavenImpl.java:636) ~[org.eclipse.m2e.core_1.8.2.20171007-0217.jar:na]
	at org.eclipse.m2e.core.internal.project.registry.ProjectRegistryManager$5.call(ProjectRegistryManager.java:816) ~[org.eclipse.m2e.core_1.8.2.20171007-0217.jar:na]
	at org.eclipse.m2e.core.internal.project.registry.ProjectRegistryManager$5.call(ProjectRegistryManager.java:1) ~[org.eclipse.m2e.core_1.8.2.20171007-0217.jar:na]
	at org.eclipse.m2e.core.internal.embedder.MavenExecutionContext.executeBare(MavenExecutionContext.java:177) ~[org.eclipse.m2e.core_1.8.2.20171007-0217.jar:na]
	at org.eclipse.m2e.core.internal.embedder.MavenExecutionContext.execute(MavenExecutionContext.java:151) ~[org.eclipse.m2e.core_1.8.2.20171007-0217.jar:na]
	at org.eclipse.m2e.core.internal.embedder.MavenExecutionContext.execute(MavenExecutionContext.java:99) ~[org.eclipse.m2e.core_1.8.2.20171007-0217.jar:na]
	at org.eclipse.m2e.core.internal.project.registry.ProjectRegistryManager.execute(ProjectRegistryManager.java:967) ~[org.eclipse.m2e.core_1.8.2.20171007-0217.jar:na]
	at org.eclipse.m2e.core.internal.project.registry.ProjectRegistryManager.readProjectWithDependencies(ProjectRegistryManager.java:811) ~[org.eclipse.m2e.core_1.8.2.20171007-0217.jar:na]
	at org.eclipse.m2e.core.internal.project.registry.ProjectRegistryManager.create(ProjectRegistryManager.java:192) ~[org.eclipse.m2e.core_1.8.2.20171007-0217.jar:na]
	at org.eclipse.m2e.core.internal.project.registry.MavenProjectManager.create(MavenProjectManager.java:80) [org.eclipse.m2e.core_1.8.2.20171007-0217.jar:na]
	at org.fusesource.ide.camel.model.service.core.util.CamelMavenUtils.getMavenProjectFacade(CamelMavenUtils.java:101) [org.fusesource.ide.camel.model.service.core_10.1.0.v20171020-0649.jar:na]
	at org.fusesource.ide.camel.model.service.core.util.CamelMavenUtils.getRepositories(CamelMavenUtils.java:42) [org.fusesource.ide.camel.model.service.core_10.1.0.v20171020-0649.jar:na]
	at org.fusesource.ide.camel.model.service.core.catalog.cache.CamelCatalogCacheManager.getCamelModelForProject(CamelCatalogCacheManager.java:130) [org.fusesource.ide.camel.model.service.core_10.1.0.v20171020-0649.jar:na]
	at org.fusesource.ide.camel.model.service.core.util.ProjectClasspathChangedListener.notifyClasspathChanged(ProjectClasspathChangedListener.java:149) [org.fusesource.ide.camel.model.service.core_10.1.0.v20171020-0649.jar:na]
	at org.fusesource.ide.camel.model.service.core.util.ProjectClasspathChangedListener.visit(ProjectClasspathChangedListener.java:127) [org.fusesource.ide.camel.model.service.core_10.1.0.v20171020-0649.jar:na]
	at org.fusesource.ide.camel.model.service.core.util.ProjectClasspathChangedListener.visitChildren(ProjectClasspathChangedListener.java:82) [org.fusesource.ide.camel.model.service.core_10.1.0.v20171020-0649.jar:na]
	at org.fusesource.ide.camel.model.service.core.util.ProjectClasspathChangedListener.visit(ProjectClasspathChangedListener.java:123) [org.fusesource.ide.camel.model.service.core_10.1.0.v20171020-0649.jar:na]
	at org.fusesource.ide.camel.model.service.core.util.ProjectClasspathChangedListener.elementChanged(ProjectClasspathChangedListener.java:55) [org.fusesource.ide.camel.model.service.core_10.1.0.v20171020-0649.jar:na]
	at org.eclipse.jdt.internal.core.DeltaProcessor$3.run(DeltaProcessor.java:1730) [org.eclipse.jdt.core_3.13.50.v20171007-0855.jar:na]
	at org.eclipse.core.runtime.SafeRunner.run(SafeRunner.java:42) [org.eclipse.equinox.common_3.9.0.v20170207-1454.jar:na]
	at org.eclipse.jdt.internal.core.DeltaProcessor.notifyListeners(DeltaProcessor.java:1720) [org.eclipse.jdt.core_3.13.50.v20171007-0855.jar:na]
	at org.eclipse.jdt.internal.core.DeltaProcessor.firePostChangeDelta(DeltaProcessor.java:1554) [org.eclipse.jdt.core_3.13.50.v20171007-0855.jar:na]
	at org.eclipse.jdt.internal.core.DeltaProcessor.fire(DeltaProcessor.java:1530) [org.eclipse.jdt.core_3.13.50.v20171007-0855.jar:na]
	at org.eclipse.jdt.internal.core.DeltaProcessor.notifyAndFire(DeltaProcessor.java:2246) [org.eclipse.jdt.core_3.13.50.v20171007-0855.jar:na]
	at org.eclipse.jdt.internal.core.DeltaProcessor.resourceChanged(DeltaProcessor.java:2136) [org.eclipse.jdt.core_3.13.50.v20171007-0855.jar:na]
	at org.eclipse.jdt.internal.core.DeltaProcessingState.resourceChanged(DeltaProcessingState.java:473) [org.eclipse.jdt.core_3.13.50.v20171007-0855.jar:na]
	at org.eclipse.core.internal.events.NotificationManager$1.run(NotificationManager.java:299) [org.eclipse.core.resources_3.12.0.v20170417-1558.jar:na]
	at org.eclipse.core.runtime.SafeRunner.run(SafeRunner.java:42) [org.eclipse.equinox.common_3.9.0.v20170207-1454.jar:na]
	at org.eclipse.core.internal.events.NotificationManager.notify(NotificationManager.java:289) [org.eclipse.core.resources_3.12.0.v20170417-1558.jar:na]
	at org.eclipse.core.internal.events.NotificationManager.broadcastChanges(NotificationManager.java:152) [org.eclipse.core.resources_3.12.0.v20170417-1558.jar:na]
	at org.eclipse.core.internal.resources.Workspace.broadcastPostChange(Workspace.java:374) [org.eclipse.core.resources_3.12.0.v20170417-1558.jar:na]
	at org.eclipse.core.internal.resources.Workspace.endOperation(Workspace.java:1469) [org.eclipse.core.resources_3.12.0.v20170417-1558.jar:na]
	at org.eclipse.core.internal.resources.Workspace.run(Workspace.java:2253) [org.eclipse.core.resources_3.12.0.v20170417-1558.jar:na]
	at org.eclipse.core.internal.resources.Workspace.run(Workspace.java:2267) [org.eclipse.core.resources_3.12.0.v20170417-1558.jar:na]
	at org.eclipse.jdt.internal.core.JavaModelOperation.runOperation(JavaModelOperation.java:795) [org.eclipse.jdt.core_3.13.50.v20171007-0855.jar:na]
	at org.eclipse.jdt.core.JavaCore.setClasspathContainer(JavaCore.java:5730) [org.eclipse.jdt.core_3.13.50.v20171007-0855.jar:na]
	at org.eclipse.jst.j2ee.internal.web.classpath.WebAppLibrariesContainer.install(WebAppLibrariesContainer.java:104) [org.eclipse.jst.j2ee.web_1.1.900.v201701262104.jar:na]
	at org.eclipse.jst.j2ee.internal.web.classpath.WebAppLibrariesContainer.refresh(WebAppLibrariesContainer.java:153) [org.eclipse.jst.j2ee.web_1.1.900.v201701262104.jar:na]
	at org.eclipse.jst.j2ee.internal.web.classpath.WebAppLibrariesContainer.refresh(WebAppLibrariesContainer.java:139) [org.eclipse.jst.j2ee.web_1.1.900.v201701262104.jar:na]
	at org.eclipse.jst.j2ee.internal.common.classpath.J2EEComponentClasspathUpdater$ModuleUpdateJob.processModules(J2EEComponentClasspathUpdater.java:377) [org.eclipse.jst.j2ee_1.2.101.v201709281509.jar:na]
	at org.eclipse.jst.j2ee.internal.common.classpath.J2EEComponentClasspathUpdater$ModuleUpdateJob.access$4(J2EEComponentClasspathUpdater.java:369) [org.eclipse.jst.j2ee_1.2.101.v201709281509.jar:na]
	at org.eclipse.jst.j2ee.internal.common.classpath.J2EEComponentClasspathUpdater$ModuleUpdateJob$1.run(J2EEComponentClasspathUpdater.java:410) [org.eclipse.jst.j2ee_1.2.101.v201709281509.jar:na]
	at org.eclipse.core.runtime.SafeRunner.run(SafeRunner.java:42) [org.eclipse.equinox.common_3.9.0.v20170207-1454.jar:na]
	at org.eclipse.jst.j2ee.internal.common.classpath.J2EEComponentClasspathUpdater$ModuleUpdateJob.run(J2EEComponentClasspathUpdater.java:395) [org.eclipse.jst.j2ee_1.2.101.v201709281509.jar:na]
	at org.eclipse.core.internal.jobs.Worker.run(Worker.java:56) [org.eclipse.core.jobs_3.9.1.v20170714-0547.jar:na]
Caused by: org.apache.maven.model.building.ModelBuildingException: 1 problem was encountered while building the effective model
[FATAL] Non-readable POM D:\AmbienteParaNACRafael\Exemplo2\pom.xml: D:\AmbienteParaNACRafael\Exemplo2\pom.xml (The system cannot find the file specified) @ 

	at org.apache.maven.model.building.DefaultModelProblemCollector.newModelBuildingException(DefaultModelProblemCollector.java:197) ~[maven-model-builder-3.3.9.jar:3.3.9]
	at org.apache.maven.model.building.DefaultModelBuilder.readModel(DefaultModelBuilder.java:598) ~[maven-model-builder-3.3.9.jar:3.3.9]
	at org.apache.maven.model.building.DefaultModelBuilder.build(DefaultModelBuilder.java:273) ~[maven-model-builder-3.3.9.jar:3.3.9]
	at org.apache.maven.project.DefaultProjectBuilder.build(DefaultProjectBuilder.java:161) ~[maven-core-3.3.9.jar:3.3.9]
	... 46 common frames omitted
